\BOOKMARK [1][-]{section*.4}{ACKNOWLEDGEMENT}{}% 1
\BOOKMARK [1][-]{section*.5}{ABSTRACT}{}% 2
\BOOKMARK [1][-]{section*.5}{CONTENTS}{}% 3
\BOOKMARK [0][-]{chapter.1}{Introduction}{}% 4
\BOOKMARK [1][-]{section.1.1}{Purpose}{chapter.1}% 5
\BOOKMARK [1][-]{section.1.2}{Introduction to OpenGl}{chapter.1}% 6
\BOOKMARK [2][-]{subsection.1.2.1}{History of OpenGl}{section.1.2}% 7
\BOOKMARK [2][-]{subsection.1.2.2}{OpenGL Architecture}{section.1.2}% 8
\BOOKMARK [1][-]{section.1.3}{Significance of OpenGL}{chapter.1}% 9
\BOOKMARK [1][-]{section.1.4}{Design Aspects of Project in OpenGL}{chapter.1}% 10
\BOOKMARK [0][-]{chapter.2}{REQUIREMENT SPECIFICATION}{}% 11
\BOOKMARK [1][-]{section.2.1}{Overall Description}{chapter.2}% 12
\BOOKMARK [2][-]{subsection.2.1.1}{Product Perspective}{section.2.1}% 13
\BOOKMARK [2][-]{subsection.2.1.2}{Product Functions}{section.2.1}% 14
\BOOKMARK [2][-]{subsection.2.1.3}{User Characteristics}{section.2.1}% 15
\BOOKMARK [1][-]{section.2.2}{Specific Requirement}{chapter.2}% 16
\BOOKMARK [2][-]{subsection.2.2.1}{Software Requirements}{section.2.2}% 17
\BOOKMARK [2][-]{subsection.2.2.2}{Hardware Requirements}{section.2.2}% 18
\BOOKMARK [0][-]{chapter.3}{Detailed Design}{}% 19
\BOOKMARK [1][-]{section.3.1}{Object Oriented Class Design}{chapter.3}% 20
\BOOKMARK [2][-]{subsection.3.1.1}{DrawingBoard Class}{section.3.1}% 21
\BOOKMARK [2][-]{subsection.3.1.2}{DrawingTool Class}{section.3.1}% 22
\BOOKMARK [2][-]{subsection.3.1.3}{Color Panel Class}{section.3.1}% 23
\BOOKMARK [2][-]{subsection.3.1.4}{MenuBar Class}{section.3.1}% 24
\BOOKMARK [2][-]{subsection.3.1.5}{Canvas Class}{section.3.1}% 25
\BOOKMARK [0][-]{chapter.4}{CONCLUSION AND FUTURE WORK}{}% 26
\BOOKMARK [1][-]{section.4.1}{Summary}{chapter.4}% 27
\BOOKMARK [1][-]{section.4.2}{Limitations}{chapter.4}% 28
\BOOKMARK [1][-]{section.4.3}{Future enhancements}{chapter.4}% 29
\BOOKMARK [1][-]{section.4.3}{BIBLIOGRAPHY}{chapter.4}% 30
\BOOKMARK [0][-]{chapter*.13}{APPENDICES}{}% 31
